<?xml version="1.0" encoding="UTF-8"?>
<testng-results skipped="0" failed="0" ignored="0" total="1" passed="1">
  <reporter-output>
  </reporter-output>
  <suite name="Suite" duration-ms="268" started-at="2020-08-30T13:22:17Z" finished-at="2020-08-30T13:22:17Z">
    <groups>
    </groups>
    <test name="Test" duration-ms="268" started-at="2020-08-30T13:22:17Z" finished-at="2020-08-30T13:22:17Z">
      <class name="quick.Sm.DateTest">
        <test-method status="PASS" signature="display()[pri:0, instance:quick.Sm.DateTest@b7f23d9]" name="display" duration-ms="109" started-at="2020-08-30T18:52:17Z" finished-at="2020-08-30T18:52:17Z">
          <reporter-output>
          </reporter-output>
        </test-method> <!-- display -->
      </class> <!-- quick.Sm.DateTest -->
    </test> <!-- Test -->
  </suite> <!-- Suite -->
</testng-results>
