<?xml version="1.0" encoding="UTF-8"?>
<testng-results skipped="0" failed="0" ignored="0" total="1" passed="1">
  <reporter-output>
  </reporter-output>
  <suite name="Default suite" duration-ms="30637" started-at="2020-08-09T17:41:24Z" finished-at="2020-08-09T17:41:55Z">
    <groups>
    </groups>
    <test name="Default test" duration-ms="30637" started-at="2020-08-09T17:41:24Z" finished-at="2020-08-09T17:41:55Z">
      <class name="quick.Sm.StcTest">
        <test-method status="PASS" signature="dgp()[pri:0, instance:quick.Sm.StcTest@20d3d15a]" name="dgp" duration-ms="30444" started-at="2020-08-09T23:11:24Z" finished-at="2020-08-09T23:11:55Z">
          <reporter-output>
          </reporter-output>
        </test-method> <!-- dgp -->
      </class> <!-- quick.Sm.StcTest -->
    </test> <!-- Default test -->
  </suite> <!-- Default suite -->
</testng-results>
